------------------------------
  Elements     Atomic Weight  
------------------------------
  1.	C         12.01099968
  2.	H          1.00800002
  3.	O         15.99899960
  4.	AR        39.94800186
------------------------------


--------------------------------------------------------------------------------------------------------------
                                                Molecular        Temperature        Elements
  Species                  Phase  Charge         weight         Low      High       C       H       O      AR
--------------------------------------------------------------------------------------------------------------
    1. CH4                   G      0           16.043000    200.00   3500.00       1       4       0       0
    2. H2                    G      0            2.016000    300.00   5000.00       0       2       0       0
    3. CO                    G      0           28.009999    200.00   3500.00       1       0       1       0
    4. CO2                   G      0           44.008999    200.00   3500.00       1       0       2       0
    5. H2O                   G      0           18.015000    200.00   3500.00       0       2       1       0
    6. AR                    G      0           39.948002    300.00   5000.00       0       0       0       1
--------------------------------------------------------------------------------------------------------------

--------------------------------------------------------------------------------------------------------------
                                                Molecular        Temperature        Elements
  Species                  Phase  Charge         weight         Low      High       C       H       O      AR
--------------------------------------------------------------------------------------------------------------
    6. AR                    G      0           39.948002    300.00   5000.00       0       0       0       1
    2. H2                    G      0            2.016000    300.00   5000.00       0       2       0       0
    5. H2O                   G      0           18.015000    200.00   3500.00       0       2       1       0
    3. CO                    G      0           28.009999    200.00   3500.00       1       0       1       0
    4. CO2                   G      0           44.008999    200.00   3500.00       1       0       2       0
    1. CH4                   G      0           16.043000    200.00   3500.00       1       4       0       0
--------------------------------------------------------------------------------------------------------------

------------------------------------------------------------------------------------------------------------------
  Species                  Shape       eps/kb          sigma             mu           alfa        zRot298         
------------------------------------------------------------------------------------------------------------------
    1. CH4                   2       141.4000         3.7460         0.0000         2.6000        13.0000
    2. H2                    1        38.0000         2.9200         0.0000         0.7900       280.0000
    3. CO                    1        98.1000         3.6500         0.0000         1.9500         1.8000
    4. CO2                   1       244.0000         3.7630         0.0000         2.6500         2.1000
    5. H2O                   2       572.4000         2.6050         1.8440         0.0000         4.0000
    6. Ar                    0       136.5000         3.3300         0.0000         0.0000         0.0000
------------------------------------------------------------------------------------------------------------------


------------------------------------------------------------------------------------------------------------------
  Species                  Shape       eps/kb          sigma             mu           alfa        zRot298         
------------------------------------------------------------------------------------------------------------------
    1. CH4                   2       141.4000         3.7460         0.0000         2.6000        13.0000
    2. H2                    1        38.0000         2.9200         0.0000         0.7900       280.0000
    3. CO                    1        98.1000         3.6500         0.0000         1.9500         1.8000
    4. CO2                   1       244.0000         3.7630         0.0000         2.6500         2.1000
    5. H2O                   2       572.4000         2.6050         1.8440         0.0000         4.0000
    6. Ar                    0       136.5000         3.3300         0.0000         0.0000         0.0000
------------------------------------------------------------------------------------------------------------------


---------------------------------------------------------------------------------------
                                  CHEMICAL REACTIONS                                 

                         Units: [kmol, m3, s] and [cal/mol]                          
---------------------------------------------------------------------------------------


      1. H2  => H2 
         k:       1.000000e+01	    0.00      10000.00


