------------------------------
  Elements     Atomic Weight  
------------------------------
  1.	C         12.01099968
  2.	H          1.00800002
  3.	O         15.99899960
  4.	AR        39.94800186
  5.	RH       102.90500000
------------------------------


----------------------------------------------------------------------------------------------------------------------
                                                Molecular        Temperature        Elements
  Species                  Phase  Charge         weight         Low      High       C       H       O      AR      RH
----------------------------------------------------------------------------------------------------------------------
    1. CH4                   G      0           16.043000    200.00   3500.00       1       4       0       0       0
    2. H2                    G      0            2.016000    300.00   5000.00       0       2       0       0       0
    3. CO                    G      0           28.009999    200.00   3500.00       1       0       1       0       0
    4. CO2                   G      0           44.008999    200.00   3500.00       1       0       2       0       0
    5. H2O                   G      0           18.015000    200.00   3500.00       0       2       1       0       0
    6. AR                    G      0           39.948002    300.00   5000.00       0       0       0       1       0
    7. _S_                   S      0          102.905000    300.00   3000.00       0       0       0       0       1
----------------------------------------------------------------------------------------------------------------------

----------------------------------------------------------------------------------------------------------------------
                                                Molecular        Temperature        Elements
  Species                  Phase  Charge         weight         Low      High       C       H       O      AR      RH
----------------------------------------------------------------------------------------------------------------------
    7. _S_                   S      0          102.905000    300.00   3000.00       0       0       0       0       1
    6. AR                    G      0           39.948002    300.00   5000.00       0       0       0       1       0
    2. H2                    G      0            2.016000    300.00   5000.00       0       2       0       0       0
    5. H2O                   G      0           18.015000    200.00   3500.00       0       2       1       0       0
    3. CO                    G      0           28.009999    200.00   3500.00       1       0       1       0       0
    4. CO2                   G      0           44.008999    200.00   3500.00       1       0       2       0       0
    1. CH4                   G      0           16.043000    200.00   3500.00       1       4       0       0       0
----------------------------------------------------------------------------------------------------------------------

---------------------------------------------------------------------------------------
                                SURFACE MECHANISM                                    
---------------------------------------------------------------------------------------

       Number of materials:       1
       Number of site phases:     1
       Number of bulk phases:     0
       Number of surface species: 1
       Number of bulk species:    0

       Materials: 
       MAT-1

       ------------------------------------------------------------------------------------------------------------------
       Site phases:        density[mol/cm2]     sites      global-index   local-index   internal-index
       ------------------------------------------------------------------------------------------------------------------
       1. CAT_SURFACE      2.490000e-09     
             _s_                              1.000000         7              1              1              

--------------------------------------------------------------------------------------------------------
                                  CHEMICAL REACTIONS                                                  

                         Units: [kmol, m3, s] and [cal/mol]                                           
--------------------------------------------------------------------------------------------------------


      1. 3H2 + CO + _s_  => CH4 + H2O + _s_ 
         k:       1.000000e-12	    0.00          0.00
         Lumped reaction: methane_dir


      2. CH4 + H2O + _s_  => 3H2 + CO + _s_ 
         k:       1.000000e-06	    0.00          0.00
         Lumped reaction: methane_inv


      3. CO + H2O + _s_  => H2 + CO2 + _s_ 
         k:       1.000000e-06	    0.00          0.00
         Lumped reaction: wgs


      4. H2 + CO2 + _s_  => CO + H2O + _s_ 
         k:       1.000000e-06	    0.00          0.00
         Lumped reaction: rwgs


