-----------------------------------------------------------------------------------------------------------------------------------------------------
Name                              MW       Cp@298K        H@298K        G@298K        S@298K      Cp@1000K       H@1000K       G@1000K       S@1000K 
                           [kg/kmol]   [cal/mol/K]    [kcal/mol]    [kcal/mol]   [cal/mol/K]   [cal/mol/K]    [kcal/mol]    [kcal/mol]   [cal/mol/K] 
-----------------------------------------------------------------------------------------------------------------------------------------------------
CH4                          16.0430        8.5281      -17.8292      -31.1005       44.5347       17.5930       -8.5910      -67.9250       59.3340
H2                            2.0160        6.8997       -0.0004       -9.3000       31.2064        7.2078        4.9390      -34.7575       39.6965
CO                           28.0100        6.9641      -26.4155      -40.4908       47.2326        7.9253      -21.2309      -77.2827       56.0517
CO2                          44.0090        8.8730      -94.0423     -109.2660       51.0864       12.9817      -86.0597     -150.4140       64.3543
H2O                          18.0150        8.0266      -57.7927      -71.2392       45.1223        9.8687      -51.5774     -107.1967       55.6193
AR                           39.9480        4.9675       -0.0007      -11.0195       36.9756        4.9675        3.4864      -39.5031       42.9895
-----------------------------------------------------------------------------------------------------------------------------------------------------

 ====================================================================================================
   THERMO TABLE FOR MOLECULE CH4
 ====================================================================================================
   Elemental Composition:
     C 1.0000
     H 4.0000
   Formation Enthalpy at 298K =          -17.8292 kcal/mol
   Formation Free Gibbs Energy at 298K = -31.1005 kcal/mol
   Molecular Weight =                    16.0430 kg/kmol
 -----------------------------------------------------------------------------------------------------
   Temperature       Cp             H             G            S             DH            DG         
       [K]       [cal/mol/K]    [kcal/mol]    [kcal/mol]  [cal/(mol-K)]  [kcal/mol]     [kcal/mol]    
 -----------------------------------------------------------------------------------------------------
     300.0000      8.5461        -17.8121      -31.1896      44.5918       0.0171        -0.0891       
     600.0000      12.6016       -14.6797      -45.6791      51.6657       3.1495        -14.5786      
     800.0000      15.2945       -11.8810      -56.4192      55.6727       5.9481        -25.3187      
     1000.0000     17.5930       -8.5910       -67.9250      59.3340       9.2382        -36.8245      
     1200.0000     19.4542       -4.8798       -80.1342      62.7119       12.9494       -49.0337      
     1400.0000     20.9635       -0.8327       -92.9923      65.8283       16.9964       -61.8918      
     1600.0000     22.1870       3.4866        -106.4498     68.7103       21.3157       -75.3493      
     1800.0000     23.1831       8.0269        -120.4625     71.3830       25.8561       -89.3620      
     2000.0000     24.0023       12.7480       -134.9906     73.8693       30.5772       -103.8901     
     2200.0000     24.6875       17.6189       -149.9992     76.1900       35.4481       -118.8986     
     2400.0000     25.2738       22.6165       -165.4568     78.3639       40.4456       -134.3563     
     2600.0000     25.7885       27.7237       -181.3360     80.4076       45.5529       -150.2355     
 -----------------------------------------------------------------------------------------------------


 ====================================================================================================
   THERMO TABLE FOR MOLECULE H2
 ====================================================================================================
   Elemental Composition:
     H 2.0000
   Formation Enthalpy at 298K =          -0.0004 kcal/mol
   Formation Free Gibbs Energy at 298K = -9.3000 kcal/mol
   Molecular Weight =                    2.0160 kg/kmol
 -----------------------------------------------------------------------------------------------------
   Temperature       Cp             H             G            S             DH            DG         
       [K]       [cal/mol/K]    [kcal/mol]    [kcal/mol]  [cal/(mol-K)]  [kcal/mol]     [kcal/mol]    
 -----------------------------------------------------------------------------------------------------
     300.0000      6.9011        0.0134        -9.3624       31.2526       0.0138        -0.0625       
     600.0000      7.0202        2.1054        -19.5435      36.0814       2.1058        -10.2435      
     800.0000      7.0693        3.5138        -26.9718      38.1069       3.5142        -17.6718      
     1000.0000     7.2078        4.9390        -34.7575      39.6965       4.9394        -25.4576      
     1200.0000     7.4268        6.4027        -42.8336      41.0302       6.4031        -33.5336      
     1400.0000     7.6337        7.9089        -51.1581      42.1907       7.9094        -41.8582      
     1600.0000     7.8285        9.4553        -59.7014      43.2229       9.4558        -50.4014      
     1800.0000     8.0111        11.0395       -68.4407      44.1557       11.0399       -59.1407      
     2000.0000     8.1818        12.6590       -77.3583      45.0087       12.6594       -68.0584      
     2200.0000     8.3408        14.3114       -86.4398      45.7960       14.3119       -77.1398      
     2400.0000     8.4884        15.9945       -95.6731      46.5282       15.9950       -86.3731      
     2600.0000     8.6252        17.7061       -105.0479     47.2131       17.7065       -95.7480      
 -----------------------------------------------------------------------------------------------------


 ====================================================================================================
   THERMO TABLE FOR MOLECULE CO
 ====================================================================================================
   Elemental Composition:
     C 1.0000
     O 1.0000
   Formation Enthalpy at 298K =          -26.4155 kcal/mol
   Formation Free Gibbs Energy at 298K = -40.4908 kcal/mol
   Molecular Weight =                    28.0100 kg/kmol
 -----------------------------------------------------------------------------------------------------
   Temperature       Cp             H             G            S             DH            DG         
       [K]       [cal/mol/K]    [kcal/mol]    [kcal/mol]  [cal/(mol-K)]  [kcal/mol]     [kcal/mol]    
 -----------------------------------------------------------------------------------------------------
     300.0000      6.9646        -26.4016      -40.5853      47.2792       0.0139        -0.0945       
     600.0000      7.2686        -24.2766      -55.5828      52.1771       2.1389        -15.0920      
     800.0000      7.6220        -22.7882      -66.2406      54.3156       3.6273        -25.7498      
     1000.0000     7.9253        -21.2309      -77.2827      56.0517       5.1845        -36.7919      
     1200.0000     8.1610        -19.6213      -88.6434      57.5185       6.7942        -48.1526      
     1400.0000     8.3415        -17.9702      -100.2772     58.7907       8.4453        -59.7864      
     1600.0000     8.4787        -16.2876      -112.1498     59.9139       10.1279       -71.6590      
     1800.0000     8.5827        -14.5809      -124.2349     60.9188       11.8345       -83.7441      
     2000.0000     8.6624        -12.8561      -136.5109     61.8274       13.5594       -96.0201      
     2200.0000     8.7249        -11.1171      -148.9605     62.6561       15.2983       -108.4697     
     2400.0000     8.7758        -9.3669       -161.5689     63.4175       17.0486       -121.0781     
     2600.0000     8.8193        -7.6073       -174.3237     64.1217       18.8082       -133.8329     
 -----------------------------------------------------------------------------------------------------


 ====================================================================================================
   THERMO TABLE FOR MOLECULE CO2
 ====================================================================================================
   Elemental Composition:
     C 1.0000
     O 2.0000
   Formation Enthalpy at 298K =          -94.0423 kcal/mol
   Formation Free Gibbs Energy at 298K = -109.2660 kcal/mol
   Molecular Weight =                    44.0090 kg/kmol
 -----------------------------------------------------------------------------------------------------
   Temperature       Cp             H             G            S             DH            DG         
       [K]       [cal/mol/K]    [kcal/mol]    [kcal/mol]  [cal/(mol-K)]  [kcal/mol]     [kcal/mol]    
 -----------------------------------------------------------------------------------------------------
     300.0000      8.8943        -94.0245      -109.3683     51.1458       0.0178        -0.1022       
     600.0000      11.3172       -90.9572      -125.8387     58.1358       3.0851        -16.5726      
     800.0000      12.2908       -88.5901      -137.8173     61.5340       5.4522        -28.5512      
     1000.0000     12.9817       -86.0597      -150.4140     64.3543       7.9826        -41.1480      
     1200.0000     13.4561       -83.4137      -163.5318     66.7651       10.6286       -54.2658      
     1400.0000     13.8129       -80.6851      -177.0996     68.8675       13.3572       -67.8335      
     1600.0000     14.0786       -77.8946      -191.0629     70.7302       16.1477       -81.7969      
     1800.0000     14.2761       -75.0582      -205.3788     72.4004       18.9841       -96.1128      
     2000.0000     14.4247       -72.1874      -220.0125     73.9126       21.8549       -110.7465     
     2200.0000     14.5401       -69.2905      -234.9351     75.2930       24.7518       -125.6691     
     2400.0000     14.6344       -66.3728      -250.1223     76.5623       27.6695       -140.8563     
     2600.0000     14.7162       -63.4375      -265.5537     77.7370       30.6047       -156.2877     
 -----------------------------------------------------------------------------------------------------


 ====================================================================================================
   THERMO TABLE FOR MOLECULE H2O
 ====================================================================================================
   Elemental Composition:
     H 2.0000
     O 1.0000
   Formation Enthalpy at 298K =          -57.7927 kcal/mol
   Formation Free Gibbs Energy at 298K = -71.2392 kcal/mol
   Molecular Weight =                    18.0150 kg/kmol
 -----------------------------------------------------------------------------------------------------
   Temperature       Cp             H             G            S             DH            DG         
       [K]       [cal/mol/K]    [kcal/mol]    [kcal/mol]  [cal/(mol-K)]  [kcal/mol]     [kcal/mol]    
 -----------------------------------------------------------------------------------------------------
     300.0000      8.0289        -57.7767      -71.3295      45.1760       0.0161        -0.0903       
     600.0000      8.6800        -55.2821      -85.8304      50.9138       2.5107        -14.5912      
     800.0000      9.2565        -53.4890      -96.2802      53.4890       4.3037        -25.0410      
     1000.0000     9.8687        -51.5774      -107.1967     55.6193       6.2153        -35.9575      
     1200.0000     10.4858       -49.5410      -118.5098     57.4740       8.2517        -47.2706      
     1400.0000     11.0446       -47.3870      -130.1733     59.1331       10.4058       -58.9341      
     1600.0000     11.5440       -45.1271      -142.1530     60.6412       12.6656       -70.9138      
     1800.0000     11.9845       -42.7733      -154.4216     62.0269       15.0194       -83.1825      
     2000.0000     12.3677       -40.3371      -166.9569     63.3099       17.4556       -95.7177      
     2200.0000     12.6966       -37.8298      -179.7397     64.5045       19.9629       -108.5005     
     2400.0000     12.9753       -35.2619      -192.7535     65.6215       22.5309       -121.5143     
     2600.0000     13.2093       -32.6427      -205.9837     66.6696       25.1500       -134.7445     
 -----------------------------------------------------------------------------------------------------


 ====================================================================================================
   THERMO TABLE FOR MOLECULE AR
 ====================================================================================================
   Elemental Composition:
     AR 1.0000
   Formation Enthalpy at 298K =          -0.0007 kcal/mol
   Formation Free Gibbs Energy at 298K = -11.0195 kcal/mol
   Molecular Weight =                    39.9480 kg/kmol
 -----------------------------------------------------------------------------------------------------
   Temperature       Cp             H             G            S             DH            DG         
       [K]       [cal/mol/K]    [kcal/mol]    [kcal/mol]  [cal/(mol-K)]  [kcal/mol]     [kcal/mol]    
 -----------------------------------------------------------------------------------------------------
     300.0000      4.9675        0.0092        -11.0934      37.0088       0.0099        -0.0740       
     600.0000      4.9675        1.4994        -22.7718      40.4520       1.5002        -11.7523      
     800.0000      4.9675        2.4929        -31.0119      41.8811       2.4937        -19.9924      
     1000.0000     4.9675        3.4864        -39.5031      42.9895       3.4872        -28.4836      
     1200.0000     5.0023        4.4823        -48.1944      43.8973       4.4830        -37.1749      
     1400.0000     5.0967        5.4913        -57.0534      44.6748       5.4921        -46.0339      
     1600.0000     5.2357        6.5239        -66.0585      45.3640       6.5247        -55.0390      
     1800.0000     5.4046        7.5876        -75.1948      45.9902       7.5884        -64.1753      
     2000.0000     5.5884        8.6868        -84.4514      46.5691       8.6875        -73.4319      
     2200.0000     5.7722        9.8230        -93.8199      47.1104       9.8237        -82.8005      
     2400.0000     5.9411        10.9947       -103.2935     47.6201       10.9954       -92.2740      
     2600.0000     6.0802        12.1974       -112.8661     48.1014       12.1982       -101.8466     
 -----------------------------------------------------------------------------------------------------


