 ----------------------------------------------------------------------------------------------------------------------------------------------------------------------------------------------------------------------------------------------------------
                     SPECIFIC HEAT COEFFICIENTS                                                                     

             Cp = A + B*T + C*T^2 + D*T^3 + E*T^4  [J/kg/K]                                                         

    Species                      Cp(298K)         Cp(1000K)          LT-HT            A(LT)            B(LT)            C(LT)            D(LT)            E(LT)             A(HT)           B(HT)            C(HT)            D(HT)           E(HT)      
 ----------------------------------------------------------------------------------------------------------------------------------------------------------------------------------------------------------------------------------------------------------

    1. CH4                      2.224358e+03     4.588709e+03     1.000000e+03     2.668980e+03    -7.085136e+00     2.548811e-02    -2.512234e-05     8.639099e-09     3.879262e+01     6.940006e+00    -2.971117e-03     6.337946e-07    -5.276687e-11
    2. H2                       1.432099e+04     1.496067e+04     1.000000e+03     1.360225e+04     3.402265e+00    -3.358372e-03    -3.907894e-07     1.705319e-09     1.233733e+04     2.887232e+00    -2.323524e-04    -3.807322e-08     6.527644e-12
    3. CO                       1.040366e+03     1.183965e+03     1.000000e+03     1.062545e+03    -1.811768e-01     3.018302e-04     2.692348e-07    -2.684685e-10     8.059732e+02     6.122387e-01    -2.964905e-04     6.828872e-08    -6.045060e-12
    4. CO2                      8.436562e+02     1.234313e+03     1.000000e+03     4.452568e+02     1.697428e+00    -1.345829e-03     4.646060e-07    -2.714864e-11     7.287761e+02     8.339911e-01    -4.184369e-04     9.890112e-08    -8.918917e-12
    5. H2O                      1.864380e+03     2.292242e+03     1.000000e+03     1.937798e+03    -9.398754e-01     3.009361e-03    -2.532863e-06     8.178210e-10     1.400278e+03     1.004713e+00    -7.572438e-05    -4.478778e-08     7.762980e-12
    6. AR                       5.203303e+02     5.203303e+02     1.000000e+03     5.203303e+02     0.000000e+00     0.000000e+00     0.000000e+00     0.000000e+00     6.504129e+02    -2.926859e-01     1.951240e-04    -3.252066e-08     0.000000e+00

 ----------------------------------------------------------------------------------------------------------------------------------------------------------------------------------------------------------------------------------------------------------


 -------------------------------------------------------------------------------------------------------------------------------------------------------------------------------------------------------------------------------------------------------------------------------------------
                           ENTHALPY COEFFICIENTS                                                                     

             H/(RT) = A + B*T + C*T^2 + D*T^3 + E*T^4 + F/T  [-]                                                         

    Species                   H(298K)[J/kmol]  H(1000K)[J/kmol]      LT-HT            A(LT)            B(LT)            C(LT)            D(LT)            E(LT)           F(LT)             A(HT)            B(HT)            C(HT)           D(HT)             E(HT)            F(HT)      
 -------------------------------------------------------------------------------------------------------------------------------------------------------------------------------------------------------------------------------------------------------------------------------------------

    1. CH4                     -7.460492e+07    -3.594844e+07     1.000000e+03     5.149876e+00    -6.835489e-03     1.639335e-05    -1.211858e-08     3.333879e-12    -1.024665e+04     7.485150e-02     6.695473e-03    -1.910953e-06     3.057313e-10    -2.036305e-14    -9.468345e+03
    2. H2                      -1.882892e+03     2.066684e+07     1.000000e+03     3.298124e+00     4.124721e-04    -2.714338e-07    -2.368859e-11     8.269744e-14    -1.012521e+03     2.991422e+00     3.500322e-04    -1.877943e-08    -2.307895e-12     3.165504e-16    -8.350335e+02
    3. CO                      -1.105337e+08    -8.883940e+07     1.000000e+03     3.579533e+00    -3.051768e-04     3.389381e-07     2.267515e-10    -1.808849e-13    -1.434409e+04     2.715186e+00     1.031264e-03    -3.329419e-07     5.751325e-11    -4.072954e-15    -1.415187e+04
    4. CO2                     -3.935133e+08    -3.601107e+08     1.000000e+03     2.356774e+00     4.492298e-03    -2.374521e-06     6.147976e-10    -2.873991e-14    -4.837197e+04     3.857460e+00     2.207185e-03    -7.382713e-07     1.308725e-10    -9.441683e-15    -4.875917e+04
    5. H2O                     -2.418296e+08    -2.158221e+08     1.000000e+03     4.198641e+00    -1.018217e-03     2.173467e-06    -1.371993e-09     3.543956e-13    -3.029373e+04     3.033992e+00     1.088459e-03    -5.469084e-08    -2.426050e-11     3.364020e-15    -3.000430e+04
    6. AR                      -3.118755e+03     1.458876e+07     1.000000e+03     2.500000e+00     0.000000e+00     0.000000e+00     0.000000e+00     0.000000e+00    -7.453751e+02     3.125000e+00    -7.031252e-04     3.125002e-07    -3.906252e-11     0.000000e+00    -9.406876e+02

 -------------------------------------------------------------------------------------------------------------------------------------------------------------------------------------------------------------------------------------------------------------------------------------------


 -------------------------------------------------------------------------------------------------------------------------------------------------------------------------------------------------------------------------------------------------------------------------------------------
                             ENTROPY COEFFICIENTS                                                                     

             S/R = A*lnT + B*T + C*T^2 + D*T^3 + E*T^4 + F  [-]                                                         

    Species                 S(298K)[J/kmol/K] S(1000K)[J/kmol/K]     LT-HT            A(LT)            B(LT)            C(LT)            D(LT)            E(LT)           F(LT)             A(HT)            B(HT)            C(HT)           D(HT)             E(HT)            F(HT)      
 -------------------------------------------------------------------------------------------------------------------------------------------------------------------------------------------------------------------------------------------------------------------------------------------

    1. CH4                      1.863523e+05     2.482788e+05     1.000000e+03     5.149876e+00    -1.367098e-02     2.459003e-05    -1.615810e-08     4.167349e-12    -4.641304e+00     7.485150e-02     1.339095e-02    -2.866429e-06     4.076418e-10    -2.545381e-14     1.843732e+01
    2. H2                       1.305810e+05     1.661073e+05     1.000000e+03     3.298124e+00     8.249441e-04    -4.071507e-07    -3.158478e-11     1.033718e-13    -3.294094e+00     2.991422e+00     7.000644e-04    -2.816914e-08    -3.077193e-12     3.956880e-16    -1.355106e+00
    3. CO                       1.976416e+05     2.345446e+05     1.000000e+03     3.579533e+00    -6.103537e-04     5.084072e-07     3.023353e-10    -2.261061e-13     3.508409e+00     2.715186e+00     2.062527e-03    -4.994129e-07     7.668434e-11    -5.091193e-15     7.818688e+00
    4. CO2                      2.137676e+05     2.692862e+05     1.000000e+03     2.356774e+00     8.984597e-03    -3.561781e-06     8.197301e-10    -3.592489e-14     9.901052e+00     3.857460e+00     4.414370e-03    -1.107407e-06     1.744967e-10    -1.180210e-14     2.271638e+00
    5. H2O                      1.888111e+05     2.327350e+05     1.000000e+03     4.198641e+00    -2.036434e-03     3.260201e-06    -1.829324e-09     4.429945e-13    -8.490322e-01     3.033992e+00     2.176918e-03    -8.203626e-08    -3.234733e-11     4.205025e-15     4.966770e+00
    6. AR                       1.547216e+05     1.798866e+05     1.000000e+03     2.500000e+00     0.000000e+00     0.000000e+00     0.000000e+00     0.000000e+00     4.366001e+00     3.125000e+00    -1.406250e-03     4.687502e-07    -5.208336e-11     0.000000e+00     1.038237e+00

 -------------------------------------------------------------------------------------------------------------------------------------------------------------------------------------------------------------------------------------------------------------------------------------------


